#-----------------------------------------------------------
# Vivado v2024.2 (64-bit)
# SW Build 5239630 on Fri Nov 08 22:35:27 MST 2024
# IP Build 5239520 on Sun Nov 10 16:12:51 MST 2024
# SharedData Build 5239561 on Fri Nov 08 14:39:27 MST 2024
# Start of session at: Wed Jan 22 17:38:23 2025
# Process ID         : 27408
# Current directory  : H:/Users/Pravindu/Xilinx/UART_Module/Receiver
# Command line       : vivado.exe -gui_launcher_event rodinguilauncherevent17900 H:\Users\Pravindu\Xilinx\UART_Module\Receiver\Receiver.xpr
# Log file           : H:/Users/Pravindu/Xilinx/UART_Module/Receiver/vivado.log
# Journal file       : H:/Users/Pravindu/Xilinx/UART_Module/Receiver\vivado.jou
# Running On         : DESKTOP-H5RMGH4
# Platform           : Windows Server 2016 or Windows 10
# Operating System   : 22631
# Processor Detail   : 12th Gen Intel(R) Core(TM) i5-12500H
# CPU Frequency      : 3110 MHz
# CPU Physical cores : 12
# CPU Logical cores  : 16
# Host memory        : 16869 MB
# Swap memory        : 4294 MB
# Total Virtual      : 21164 MB
# Available Virtual  : 4749 MB
#-----------------------------------------------------------
start_gui
open_project H:/Users/Pravindu/Xilinx/UART_Module/Receiver/Receiver.xpr
WARNING: [Board 49-26] cannot add Board Part xilinx.com:zcu208ld:part0:2.0 available at H:/Xilinx/Vivado/2024.2/data/xhub/boards/XilinxBoardStore/boards/Xilinx/zcu208ld/production/2.0/board.xml as part xczu58dr-fsvg1517-2-i specified in board_part file is either invalid or not available
WARNING: [Board 49-26] cannot add Board Part xilinx.com:zcu216ld:part0:2.0 available at H:/Xilinx/Vivado/2024.2/data/xhub/boards/XilinxBoardStore/boards/Xilinx/zcu216ld/production/2.0/board.xml as part xczu59dr-ffvf1760-2-i specified in board_part file is either invalid or not available
WARNING: [Board 49-26] cannot add Board Part xilinx.com:zcu670ld:part0:1.0 available at H:/Xilinx/Vivado/2024.2/data/xhub/boards/XilinxBoardStore/boards/Xilinx/zcu670ld/1.0/board.xml as part xczu57dr-fsve1156-2-i specified in board_part file is either invalid or not available
INFO: [filemgmt 56-3] Default IP Output Path : Could not find the directory 'H:/Users/Pravindu/Xilinx/UART_Module/Receiver/Receiver.gen/sources_1'.
Scanning sources...
Finished scanning sources
INFO: [IP_Flow 19-234] Refreshing IP repositories
INFO: [IP_Flow 19-1704] No user IP repositories specified
INFO: [IP_Flow 19-2313] Loaded Vivado IP repository 'H:/Xilinx/Vivado/2024.2/data/ip'.
open_project: Time (s): cpu = 00:00:06 ; elapsed = 00:00:09 . Memory (MB): peak = 1615.023 ; gain = 385.262
update_compile_order -fileset sources_1
WARNING: [filemgmt 56-199] Attempt to get parsing info during refresh. "On-the-fly" syntax checking information may be incorrect. [H:\Users\Pravindu\Xilinx\UART_Module\Receiver\Receiver.srcs\sources_1\new\ReceiverTop.vhd:]
WARNING: [filemgmt 56-199] Attempt to get parsing info during refresh. "On-the-fly" syntax checking information may be incorrect. [H:\Users\Pravindu\Xilinx\UART_Module\Receiver\Receiver.srcs\sim_1\new\ReceiverTB.vhd:]
WARNING: [filemgmt 56-199] Attempt to get parsing info during refresh. "On-the-fly" syntax checking information may be incorrect. [H:\Users\Pravindu\Xilinx\UART_Module\Receiver\Receiver.srcs\sim_1\new\ReceiverTB.vhd:]
WARNING: [filemgmt 56-199] Attempt to get parsing info during refresh. "On-the-fly" syntax checking information may be incorrect. [H:\Users\Pravindu\Xilinx\UART_Module\Receiver\Receiver.srcs\sim_1\new\ReceiverTB.vhd:]
ERROR: [Common 17-180] Spawn failed: No error
launch_simulation
Command: launch_simulation 
INFO: [Vivado 12-12493] Simulation top is 'ReceiverTB'
WARNING: [Vivado 12-13340] Unable to auto find GCC executables from simulator install path! (path not set)
INFO: [Vivado 12-5682] Launching behavioral simulation in 'H:/Users/Pravindu/Xilinx/UART_Module/Receiver/Receiver.sim/sim_1/behav/xsim'
INFO: [SIM-utils-51] Simulation object is 'sim_1'
INFO: [SIM-utils-72] Using boost library from 'H:/Xilinx/Vivado/2024.2/tps/boost_1_72_0'
INFO: [SIM-utils-54] Inspecting design source files for 'ReceiverTB' in fileset 'sim_1'...
INFO: [USF-XSim-97] Finding global include files...
INFO: [USF-XSim-98] Fetching design files from 'sim_1'...
INFO: [USF-XSim-2] XSim::Compile design
INFO: [USF-XSim-61] Executing 'COMPILE and ANALYZE' step in 'H:/Users/Pravindu/Xilinx/UART_Module/Receiver/Receiver.sim/sim_1/behav/xsim'
"xvhdl --incr --relax -prj ReceiverTB_vhdl.prj"
INFO: [VRFC 10-163] Analyzing VHDL file "H:/Users/Pravindu/Xilinx/UART_Module/Receiver/Receiver.srcs/sources_1/new/ReceiverTop.vhd" into library xil_defaultlib
INFO: [VRFC 10-3107] analyzing entity 'ReceiverTop'
INFO: [VRFC 10-163] Analyzing VHDL file "H:/Users/Pravindu/Xilinx/UART_Module/Receiver/Receiver.srcs/sim_1/new/ReceiverTB.vhd" into library xil_defaultlib
INFO: [VRFC 10-3107] analyzing entity 'ReceiverTB'
INFO: [USF-XSim-69] 'compile' step finished in '2' seconds
INFO: [USF-XSim-3] XSim::Elaborate design
INFO: [USF-XSim-61] Executing 'ELABORATE' step in 'H:/Users/Pravindu/Xilinx/UART_Module/Receiver/Receiver.sim/sim_1/behav/xsim'
"xelab --incr --debug typical --relax --mt 2 -L xil_defaultlib -L secureip --snapshot ReceiverTB_behav xil_defaultlib.ReceiverTB -log elaborate.log"
Vivado Simulator v2024.2.0
Copyright 1986-2022 Xilinx, Inc. All Rights Reserved.
Copyright 2022-2024 Advanced Micro Devices, Inc. All Rights Reserved.
Running: H:/Xilinx/Vivado/2024.2/bin/unwrapped/win64.o/xelab.exe --incr --debug typical --relax --mt 2 -L xil_defaultlib -L secureip --snapshot ReceiverTB_behav xil_defaultlib.ReceiverTB -log elaborate.log 
Using 2 slave threads.
Starting static elaboration
Completed static elaboration
Starting simulation data flow analysis
Completed simulation data flow analysis
Time Resolution for simulation is 1ps
Compiling package std.standard
Compiling package std.textio
Compiling package ieee.std_logic_1164
Compiling package ieee.numeric_std
Compiling architecture behavioral of entity xil_defaultlib.ReceiverTop [receivertop_default]
Compiling architecture behavioral of entity xil_defaultlib.receivertb
Built simulation snapshot ReceiverTB_behav
INFO: [USF-XSim-69] 'elaborate' step finished in '2' seconds
INFO: [USF-XSim-4] XSim::Simulate design
INFO: [USF-XSim-61] Executing 'SIMULATE' step in 'H:/Users/Pravindu/Xilinx/UART_Module/Receiver/Receiver.sim/sim_1/behav/xsim'
INFO: [USF-XSim-98] *** Running xsim
   with args "ReceiverTB_behav -key {Behavioral:sim_1:Functional:ReceiverTB} -tclbatch {ReceiverTB.tcl} -log {simulate.log}"
INFO: [USF-XSim-8] Loading simulator feature
Time resolution is 1 ps
source ReceiverTB.tcl
# set curr_wave [current_wave_config]
# if { [string length $curr_wave] == 0 } {
#   if { [llength [get_objects]] > 0} {
#     add_wave /
#     set_property needs_save false [current_wave_config]
#   } else {
#      send_msg_id Add_Wave-1 WARNING "No top level signals found. Simulator will start without a wave window. If you want to open a wave window go to 'File->New Waveform Configuration' or type 'create_wave_config' in the TCL console."
#   }
# }
# run 1000ns
INFO: [USF-XSim-96] XSim completed. Design snapshot 'ReceiverTB_behav' loaded.
INFO: [USF-XSim-97] XSim simulation ran for 1000ns
launch_simulation: Time (s): cpu = 00:00:00 ; elapsed = 00:00:06 . Memory (MB): peak = 1669.520 ; gain = 17.836
relaunch_sim
Command: launch_simulation -step compile -simset sim_1 -mode behavioral
INFO: [Vivado 12-12493] Simulation top is 'ReceiverTB'
WARNING: [Vivado 12-13340] Unable to auto find GCC executables from simulator install path! (path not set)
INFO: [Vivado 12-5682] Launching behavioral simulation in 'H:/Users/Pravindu/Xilinx/UART_Module/Receiver/Receiver.sim/sim_1/behav/xsim'
INFO: [SIM-utils-51] Simulation object is 'sim_1'
INFO: [SIM-utils-72] Using boost library from 'H:/Xilinx/Vivado/2024.2/tps/boost_1_72_0'
INFO: [SIM-utils-54] Inspecting design source files for 'ReceiverTB' in fileset 'sim_1'...
INFO: [USF-XSim-97] Finding global include files...
INFO: [USF-XSim-98] Fetching design files from 'sim_1'...
INFO: [USF-XSim-2] XSim::Compile design
INFO: [USF-XSim-61] Executing 'COMPILE and ANALYZE' step in 'H:/Users/Pravindu/Xilinx/UART_Module/Receiver/Receiver.sim/sim_1/behav/xsim'
"xvhdl --incr --relax -prj ReceiverTB_vhdl.prj"
INFO: [USF-XSim-69] 'compile' step finished in '1' seconds
Command: launch_simulation -step elaborate -simset sim_1 -mode behavioral
INFO: [Vivado 12-12493] Simulation top is 'ReceiverTB'
WARNING: [Vivado 12-13340] Unable to auto find GCC executables from simulator install path! (path not set)
INFO: [Vivado 12-5682] Launching behavioral simulation in 'H:/Users/Pravindu/Xilinx/UART_Module/Receiver/Receiver.sim/sim_1/behav/xsim'
INFO: [SIM-utils-51] Simulation object is 'sim_1'
INFO: [USF-XSim-3] XSim::Elaborate design
INFO: [USF-XSim-61] Executing 'ELABORATE' step in 'H:/Users/Pravindu/Xilinx/UART_Module/Receiver/Receiver.sim/sim_1/behav/xsim'
"xelab --incr --debug typical --relax --mt 2 -L xil_defaultlib -L secureip --snapshot ReceiverTB_behav xil_defaultlib.ReceiverTB -log elaborate.log"
Vivado Simulator v2024.2.0
Copyright 1986-2022 Xilinx, Inc. All Rights Reserved.
Copyright 2022-2024 Advanced Micro Devices, Inc. All Rights Reserved.
Running: H:/Xilinx/Vivado/2024.2/bin/unwrapped/win64.o/xelab.exe --incr --debug typical --relax --mt 2 -L xil_defaultlib -L secureip --snapshot ReceiverTB_behav xil_defaultlib.ReceiverTB -log elaborate.log 
Using 2 slave threads.
Starting static elaboration
Completed static elaboration
INFO: [XSIM 43-4323] No Change in HDL. Linking previously generated obj files to create kernel
INFO: [USF-XSim-69] 'elaborate' step finished in '2' seconds
Time resolution is 1 ps
run 30 ms
run: Time (s): cpu = 00:00:04 ; elapsed = 00:00:05 . Memory (MB): peak = 1672.445 ; gain = 1.184
relaunch_sim
Command: launch_simulation -step compile -simset sim_1 -mode behavioral
INFO: [Vivado 12-12493] Simulation top is 'ReceiverTB'
WARNING: [Vivado 12-13340] Unable to auto find GCC executables from simulator install path! (path not set)
INFO: [Vivado 12-5682] Launching behavioral simulation in 'H:/Users/Pravindu/Xilinx/UART_Module/Receiver/Receiver.sim/sim_1/behav/xsim'
INFO: [SIM-utils-51] Simulation object is 'sim_1'
INFO: [USF-XSim-2] XSim::Compile design
INFO: [USF-XSim-61] Executing 'COMPILE and ANALYZE' step in 'H:/Users/Pravindu/Xilinx/UART_Module/Receiver/Receiver.sim/sim_1/behav/xsim'
"xvhdl --incr --relax -prj ReceiverTB_vhdl.prj"
INFO: [VRFC 10-163] Analyzing VHDL file "H:/Users/Pravindu/Xilinx/UART_Module/Receiver/Receiver.srcs/sim_1/new/ReceiverTB.vhd" into library xil_defaultlib
INFO: [VRFC 10-3107] analyzing entity 'ReceiverTB'
INFO: [USF-XSim-69] 'compile' step finished in '2' seconds
Command: launch_simulation -step elaborate -simset sim_1 -mode behavioral
INFO: [Vivado 12-12493] Simulation top is 'ReceiverTB'
WARNING: [Vivado 12-13340] Unable to auto find GCC executables from simulator install path! (path not set)
INFO: [Vivado 12-5682] Launching behavioral simulation in 'H:/Users/Pravindu/Xilinx/UART_Module/Receiver/Receiver.sim/sim_1/behav/xsim'
INFO: [SIM-utils-51] Simulation object is 'sim_1'
INFO: [USF-XSim-3] XSim::Elaborate design
INFO: [USF-XSim-61] Executing 'ELABORATE' step in 'H:/Users/Pravindu/Xilinx/UART_Module/Receiver/Receiver.sim/sim_1/behav/xsim'
"xelab --incr --debug typical --relax --mt 2 -L xil_defaultlib -L secureip --snapshot ReceiverTB_behav xil_defaultlib.ReceiverTB -log elaborate.log"
Vivado Simulator v2024.2.0
Copyright 1986-2022 Xilinx, Inc. All Rights Reserved.
Copyright 2022-2024 Advanced Micro Devices, Inc. All Rights Reserved.
Running: H:/Xilinx/Vivado/2024.2/bin/unwrapped/win64.o/xelab.exe --incr --debug typical --relax --mt 2 -L xil_defaultlib -L secureip --snapshot ReceiverTB_behav xil_defaultlib.ReceiverTB -log elaborate.log 
Using 2 slave threads.
Starting static elaboration
Completed static elaboration
Starting simulation data flow analysis
Completed simulation data flow analysis
Time Resolution for simulation is 1ps
Compiling package std.standard
Compiling package std.textio
Compiling package ieee.std_logic_1164
Compiling package ieee.numeric_std
Compiling architecture behavioral of entity xil_defaultlib.ReceiverTop [receivertop_default]
Compiling architecture behavioral of entity xil_defaultlib.receivertb
Built simulation snapshot ReceiverTB_behav
INFO: [USF-XSim-69] 'elaborate' step finished in '1' seconds
Time resolution is 1 ps
relaunch_sim: Time (s): cpu = 00:00:01 ; elapsed = 00:00:06 . Memory (MB): peak = 2720.629 ; gain = 0.000
run 30 ms
run: Time (s): cpu = 00:00:03 ; elapsed = 00:00:05 . Memory (MB): peak = 2720.629 ; gain = 0.000
relaunch_sim
Command: launch_simulation -step compile -simset sim_1 -mode behavioral
INFO: [Vivado 12-12493] Simulation top is 'ReceiverTB'
WARNING: [Vivado 12-13340] Unable to auto find GCC executables from simulator install path! (path not set)
INFO: [Vivado 12-5682] Launching behavioral simulation in 'H:/Users/Pravindu/Xilinx/UART_Module/Receiver/Receiver.sim/sim_1/behav/xsim'
INFO: [SIM-utils-51] Simulation object is 'sim_1'
INFO: [USF-XSim-2] XSim::Compile design
INFO: [USF-XSim-61] Executing 'COMPILE and ANALYZE' step in 'H:/Users/Pravindu/Xilinx/UART_Module/Receiver/Receiver.sim/sim_1/behav/xsim'
"xvhdl --incr --relax -prj ReceiverTB_vhdl.prj"
INFO: [VRFC 10-163] Analyzing VHDL file "H:/Users/Pravindu/Xilinx/UART_Module/Receiver/Receiver.srcs/sim_1/new/ReceiverTB.vhd" into library xil_defaultlib
INFO: [VRFC 10-3107] analyzing entity 'ReceiverTB'
INFO: [USF-XSim-69] 'compile' step finished in '1' seconds
Command: launch_simulation -step elaborate -simset sim_1 -mode behavioral
INFO: [Vivado 12-12493] Simulation top is 'ReceiverTB'
WARNING: [Vivado 12-13340] Unable to auto find GCC executables from simulator install path! (path not set)
INFO: [Vivado 12-5682] Launching behavioral simulation in 'H:/Users/Pravindu/Xilinx/UART_Module/Receiver/Receiver.sim/sim_1/behav/xsim'
INFO: [SIM-utils-51] Simulation object is 'sim_1'
INFO: [USF-XSim-3] XSim::Elaborate design
INFO: [USF-XSim-61] Executing 'ELABORATE' step in 'H:/Users/Pravindu/Xilinx/UART_Module/Receiver/Receiver.sim/sim_1/behav/xsim'
"xelab --incr --debug typical --relax --mt 2 -L xil_defaultlib -L secureip --snapshot ReceiverTB_behav xil_defaultlib.ReceiverTB -log elaborate.log"
Vivado Simulator v2024.2.0
Copyright 1986-2022 Xilinx, Inc. All Rights Reserved.
Copyright 2022-2024 Advanced Micro Devices, Inc. All Rights Reserved.
Running: H:/Xilinx/Vivado/2024.2/bin/unwrapped/win64.o/xelab.exe --incr --debug typical --relax --mt 2 -L xil_defaultlib -L secureip --snapshot ReceiverTB_behav xil_defaultlib.ReceiverTB -log elaborate.log 
Using 2 slave threads.
Starting static elaboration
Completed static elaboration
Starting simulation data flow analysis
Completed simulation data flow analysis
Time Resolution for simulation is 1ps
Compiling package std.standard
Compiling package std.textio
Compiling package ieee.std_logic_1164
Compiling package ieee.numeric_std
Compiling architecture behavioral of entity xil_defaultlib.ReceiverTop [receivertop_default]
Compiling architecture behavioral of entity xil_defaultlib.receivertb
Built simulation snapshot ReceiverTB_behav
INFO: [USF-XSim-69] 'elaborate' step finished in '2' seconds
Time resolution is 1 ps
relaunch_sim: Time (s): cpu = 00:00:00 ; elapsed = 00:00:05 . Memory (MB): peak = 2720.629 ; gain = 0.000
run 30 ms
run: Time (s): cpu = 00:00:03 ; elapsed = 00:00:05 . Memory (MB): peak = 2720.629 ; gain = 0.000
relaunch_sim
Command: launch_simulation -step compile -simset sim_1 -mode behavioral
INFO: [Vivado 12-12493] Simulation top is 'ReceiverTB'
WARNING: [Vivado 12-13340] Unable to auto find GCC executables from simulator install path! (path not set)
INFO: [Vivado 12-5682] Launching behavioral simulation in 'H:/Users/Pravindu/Xilinx/UART_Module/Receiver/Receiver.sim/sim_1/behav/xsim'
INFO: [SIM-utils-51] Simulation object is 'sim_1'
INFO: [USF-XSim-2] XSim::Compile design
INFO: [USF-XSim-61] Executing 'COMPILE and ANALYZE' step in 'H:/Users/Pravindu/Xilinx/UART_Module/Receiver/Receiver.sim/sim_1/behav/xsim'
"xvhdl --incr --relax -prj ReceiverTB_vhdl.prj"
INFO: [USF-XSim-69] 'compile' step finished in '1' seconds
Command: launch_simulation -step elaborate -simset sim_1 -mode behavioral
INFO: [Vivado 12-12493] Simulation top is 'ReceiverTB'
WARNING: [Vivado 12-13340] Unable to auto find GCC executables from simulator install path! (path not set)
INFO: [Vivado 12-5682] Launching behavioral simulation in 'H:/Users/Pravindu/Xilinx/UART_Module/Receiver/Receiver.sim/sim_1/behav/xsim'
INFO: [SIM-utils-51] Simulation object is 'sim_1'
INFO: [USF-XSim-3] XSim::Elaborate design
INFO: [USF-XSim-61] Executing 'ELABORATE' step in 'H:/Users/Pravindu/Xilinx/UART_Module/Receiver/Receiver.sim/sim_1/behav/xsim'
"xelab --incr --debug typical --relax --mt 2 -L xil_defaultlib -L secureip --snapshot ReceiverTB_behav xil_defaultlib.ReceiverTB -log elaborate.log"
Vivado Simulator v2024.2.0
Copyright 1986-2022 Xilinx, Inc. All Rights Reserved.
Copyright 2022-2024 Advanced Micro Devices, Inc. All Rights Reserved.
Running: H:/Xilinx/Vivado/2024.2/bin/unwrapped/win64.o/xelab.exe --incr --debug typical --relax --mt 2 -L xil_defaultlib -L secureip --snapshot ReceiverTB_behav xil_defaultlib.ReceiverTB -log elaborate.log 
Using 2 slave threads.
Starting static elaboration
Completed static elaboration
INFO: [XSIM 43-4323] No Change in HDL. Linking previously generated obj files to create kernel
INFO: [USF-XSim-69] 'elaborate' step finished in '2' seconds
Time resolution is 1 ps
run 30 ms
run: Time (s): cpu = 00:00:03 ; elapsed = 00:00:06 . Memory (MB): peak = 2720.629 ; gain = 0.000
relaunch_sim
Command: launch_simulation -step compile -simset sim_1 -mode behavioral
INFO: [Vivado 12-12493] Simulation top is 'ReceiverTB'
WARNING: [Vivado 12-13340] Unable to auto find GCC executables from simulator install path! (path not set)
INFO: [Vivado 12-5682] Launching behavioral simulation in 'H:/Users/Pravindu/Xilinx/UART_Module/Receiver/Receiver.sim/sim_1/behav/xsim'
INFO: [SIM-utils-51] Simulation object is 'sim_1'
INFO: [USF-XSim-2] XSim::Compile design
INFO: [USF-XSim-61] Executing 'COMPILE and ANALYZE' step in 'H:/Users/Pravindu/Xilinx/UART_Module/Receiver/Receiver.sim/sim_1/behav/xsim'
"xvhdl --incr --relax -prj ReceiverTB_vhdl.prj"
INFO: [VRFC 10-163] Analyzing VHDL file "H:/Users/Pravindu/Xilinx/UART_Module/Receiver/Receiver.srcs/sources_1/new/ReceiverTop.vhd" into library xil_defaultlib
INFO: [VRFC 10-3107] analyzing entity 'ReceiverTop'
INFO: [USF-XSim-69] 'compile' step finished in '2' seconds
Command: launch_simulation -step elaborate -simset sim_1 -mode behavioral
INFO: [Vivado 12-12493] Simulation top is 'ReceiverTB'
WARNING: [Vivado 12-13340] Unable to auto find GCC executables from simulator install path! (path not set)
INFO: [Vivado 12-5682] Launching behavioral simulation in 'H:/Users/Pravindu/Xilinx/UART_Module/Receiver/Receiver.sim/sim_1/behav/xsim'
INFO: [SIM-utils-51] Simulation object is 'sim_1'
INFO: [USF-XSim-3] XSim::Elaborate design
INFO: [USF-XSim-61] Executing 'ELABORATE' step in 'H:/Users/Pravindu/Xilinx/UART_Module/Receiver/Receiver.sim/sim_1/behav/xsim'
"xelab --incr --debug typical --relax --mt 2 -L xil_defaultlib -L secureip --snapshot ReceiverTB_behav xil_defaultlib.ReceiverTB -log elaborate.log"
Vivado Simulator v2024.2.0
Copyright 1986-2022 Xilinx, Inc. All Rights Reserved.
Copyright 2022-2024 Advanced Micro Devices, Inc. All Rights Reserved.
Running: H:/Xilinx/Vivado/2024.2/bin/unwrapped/win64.o/xelab.exe --incr --debug typical --relax --mt 2 -L xil_defaultlib -L secureip --snapshot ReceiverTB_behav xil_defaultlib.ReceiverTB -log elaborate.log 
Using 2 slave threads.
Starting static elaboration
Completed static elaboration
Starting simulation data flow analysis
Completed simulation data flow analysis
Time Resolution for simulation is 1ps
Compiling package std.standard
Compiling package std.textio
Compiling package ieee.std_logic_1164
Compiling package ieee.numeric_std
Compiling architecture behavioral of entity xil_defaultlib.ReceiverTop [receivertop_default]
Compiling architecture behavioral of entity xil_defaultlib.receivertb
Built simulation snapshot ReceiverTB_behav
INFO: [USF-XSim-69] 'elaborate' step finished in '1' seconds
Time resolution is 1 ps
run 30 ms
run: Time (s): cpu = 00:00:03 ; elapsed = 00:00:05 . Memory (MB): peak = 2727.281 ; gain = 0.000
relaunch_sim
Command: launch_simulation -step compile -simset sim_1 -mode behavioral
INFO: [Vivado 12-12493] Simulation top is 'ReceiverTB'
WARNING: [Vivado 12-13340] Unable to auto find GCC executables from simulator install path! (path not set)
INFO: [Vivado 12-5682] Launching behavioral simulation in 'H:/Users/Pravindu/Xilinx/UART_Module/Receiver/Receiver.sim/sim_1/behav/xsim'
INFO: [SIM-utils-51] Simulation object is 'sim_1'
INFO: [USF-XSim-2] XSim::Compile design
INFO: [USF-XSim-61] Executing 'COMPILE and ANALYZE' step in 'H:/Users/Pravindu/Xilinx/UART_Module/Receiver/Receiver.sim/sim_1/behav/xsim'
"xvhdl --incr --relax -prj ReceiverTB_vhdl.prj"
INFO: [VRFC 10-163] Analyzing VHDL file "H:/Users/Pravindu/Xilinx/UART_Module/Receiver/Receiver.srcs/sources_1/new/ReceiverTop.vhd" into library xil_defaultlib
INFO: [VRFC 10-3107] analyzing entity 'ReceiverTop'
INFO: [USF-XSim-69] 'compile' step finished in '1' seconds
Command: launch_simulation -step elaborate -simset sim_1 -mode behavioral
INFO: [Vivado 12-12493] Simulation top is 'ReceiverTB'
WARNING: [Vivado 12-13340] Unable to auto find GCC executables from simulator install path! (path not set)
INFO: [Vivado 12-5682] Launching behavioral simulation in 'H:/Users/Pravindu/Xilinx/UART_Module/Receiver/Receiver.sim/sim_1/behav/xsim'
INFO: [SIM-utils-51] Simulation object is 'sim_1'
INFO: [USF-XSim-3] XSim::Elaborate design
INFO: [USF-XSim-61] Executing 'ELABORATE' step in 'H:/Users/Pravindu/Xilinx/UART_Module/Receiver/Receiver.sim/sim_1/behav/xsim'
"xelab --incr --debug typical --relax --mt 2 -L xil_defaultlib -L secureip --snapshot ReceiverTB_behav xil_defaultlib.ReceiverTB -log elaborate.log"
Vivado Simulator v2024.2.0
Copyright 1986-2022 Xilinx, Inc. All Rights Reserved.
Copyright 2022-2024 Advanced Micro Devices, Inc. All Rights Reserved.
Running: H:/Xilinx/Vivado/2024.2/bin/unwrapped/win64.o/xelab.exe --incr --debug typical --relax --mt 2 -L xil_defaultlib -L secureip --snapshot ReceiverTB_behav xil_defaultlib.ReceiverTB -log elaborate.log 
Using 2 slave threads.
Starting static elaboration
Completed static elaboration
Starting simulation data flow analysis
Completed simulation data flow analysis
Time Resolution for simulation is 1ps
Compiling package std.standard
Compiling package std.textio
Compiling package ieee.std_logic_1164
Compiling package ieee.numeric_std
Compiling architecture behavioral of entity xil_defaultlib.ReceiverTop [receivertop_default]
Compiling architecture behavioral of entity xil_defaultlib.receivertb
Built simulation snapshot ReceiverTB_behav
INFO: [USF-XSim-69] 'elaborate' step finished in '2' seconds
Time resolution is 1 ps
relaunch_sim: Time (s): cpu = 00:00:00 ; elapsed = 00:00:07 . Memory (MB): peak = 2727.281 ; gain = 0.000
run 30 ms
relaunch_sim
Command: launch_simulation -step compile -simset sim_1 -mode behavioral
INFO: [Vivado 12-12493] Simulation top is 'ReceiverTB'
WARNING: [Vivado 12-13340] Unable to auto find GCC executables from simulator install path! (path not set)
INFO: [Vivado 12-5682] Launching behavioral simulation in 'H:/Users/Pravindu/Xilinx/UART_Module/Receiver/Receiver.sim/sim_1/behav/xsim'
INFO: [SIM-utils-51] Simulation object is 'sim_1'
INFO: [USF-XSim-2] XSim::Compile design
INFO: [USF-XSim-61] Executing 'COMPILE and ANALYZE' step in 'H:/Users/Pravindu/Xilinx/UART_Module/Receiver/Receiver.sim/sim_1/behav/xsim'
"xvhdl --incr --relax -prj ReceiverTB_vhdl.prj"
INFO: [VRFC 10-163] Analyzing VHDL file "H:/Users/Pravindu/Xilinx/UART_Module/Receiver/Receiver.srcs/sources_1/new/ReceiverTop.vhd" into library xil_defaultlib
INFO: [VRFC 10-3107] analyzing entity 'ReceiverTop'
INFO: [USF-XSim-69] 'compile' step finished in '1' seconds
Command: launch_simulation -step elaborate -simset sim_1 -mode behavioral
INFO: [Vivado 12-12493] Simulation top is 'ReceiverTB'
WARNING: [Vivado 12-13340] Unable to auto find GCC executables from simulator install path! (path not set)
INFO: [Vivado 12-5682] Launching behavioral simulation in 'H:/Users/Pravindu/Xilinx/UART_Module/Receiver/Receiver.sim/sim_1/behav/xsim'
INFO: [SIM-utils-51] Simulation object is 'sim_1'
INFO: [USF-XSim-3] XSim::Elaborate design
INFO: [USF-XSim-61] Executing 'ELABORATE' step in 'H:/Users/Pravindu/Xilinx/UART_Module/Receiver/Receiver.sim/sim_1/behav/xsim'
"xelab --incr --debug typical --relax --mt 2 -L xil_defaultlib -L secureip --snapshot ReceiverTB_behav xil_defaultlib.ReceiverTB -log elaborate.log"
Vivado Simulator v2024.2.0
Copyright 1986-2022 Xilinx, Inc. All Rights Reserved.
Copyright 2022-2024 Advanced Micro Devices, Inc. All Rights Reserved.
Running: H:/Xilinx/Vivado/2024.2/bin/unwrapped/win64.o/xelab.exe --incr --debug typical --relax --mt 2 -L xil_defaultlib -L secureip --snapshot ReceiverTB_behav xil_defaultlib.ReceiverTB -log elaborate.log 
Using 2 slave threads.
Starting static elaboration
Completed static elaboration
Starting simulation data flow analysis
Completed simulation data flow analysis
Time Resolution for simulation is 1ps
Compiling package std.standard
Compiling package std.textio
Compiling package ieee.std_logic_1164
Compiling package ieee.numeric_std
Compiling architecture behavioral of entity xil_defaultlib.ReceiverTop [receivertop_default]
Compiling architecture behavioral of entity xil_defaultlib.receivertb
Built simulation snapshot ReceiverTB_behav
INFO: [USF-XSim-69] 'elaborate' step finished in '1' seconds
Time resolution is 1 ps
relaunch_sim: Time (s): cpu = 00:00:00 ; elapsed = 00:00:05 . Memory (MB): peak = 2727.602 ; gain = 0.320
run 30 ms
relaunch_sim
Command: launch_simulation -step compile -simset sim_1 -mode behavioral
INFO: [Vivado 12-12493] Simulation top is 'ReceiverTB'
WARNING: [Vivado 12-13340] Unable to auto find GCC executables from simulator install path! (path not set)
INFO: [Vivado 12-5682] Launching behavioral simulation in 'H:/Users/Pravindu/Xilinx/UART_Module/Receiver/Receiver.sim/sim_1/behav/xsim'
INFO: [SIM-utils-51] Simulation object is 'sim_1'
INFO: [USF-XSim-2] XSim::Compile design
INFO: [USF-XSim-61] Executing 'COMPILE and ANALYZE' step in 'H:/Users/Pravindu/Xilinx/UART_Module/Receiver/Receiver.sim/sim_1/behav/xsim'
"xvhdl --incr --relax -prj ReceiverTB_vhdl.prj"
INFO: [VRFC 10-163] Analyzing VHDL file "H:/Users/Pravindu/Xilinx/UART_Module/Receiver/Receiver.srcs/sim_1/new/ReceiverTB.vhd" into library xil_defaultlib
INFO: [VRFC 10-3107] analyzing entity 'ReceiverTB'
INFO: [USF-XSim-69] 'compile' step finished in '1' seconds
Command: launch_simulation -step elaborate -simset sim_1 -mode behavioral
INFO: [Vivado 12-12493] Simulation top is 'ReceiverTB'
WARNING: [Vivado 12-13340] Unable to auto find GCC executables from simulator install path! (path not set)
INFO: [Vivado 12-5682] Launching behavioral simulation in 'H:/Users/Pravindu/Xilinx/UART_Module/Receiver/Receiver.sim/sim_1/behav/xsim'
INFO: [SIM-utils-51] Simulation object is 'sim_1'
INFO: [USF-XSim-3] XSim::Elaborate design
INFO: [USF-XSim-61] Executing 'ELABORATE' step in 'H:/Users/Pravindu/Xilinx/UART_Module/Receiver/Receiver.sim/sim_1/behav/xsim'
"xelab --incr --debug typical --relax --mt 2 -L xil_defaultlib -L secureip --snapshot ReceiverTB_behav xil_defaultlib.ReceiverTB -log elaborate.log"
Vivado Simulator v2024.2.0
Copyright 1986-2022 Xilinx, Inc. All Rights Reserved.
Copyright 2022-2024 Advanced Micro Devices, Inc. All Rights Reserved.
Running: H:/Xilinx/Vivado/2024.2/bin/unwrapped/win64.o/xelab.exe --incr --debug typical --relax --mt 2 -L xil_defaultlib -L secureip --snapshot ReceiverTB_behav xil_defaultlib.ReceiverTB -log elaborate.log 
Using 2 slave threads.
Starting static elaboration
Completed static elaboration
Starting simulation data flow analysis
Completed simulation data flow analysis
Time Resolution for simulation is 1ps
Compiling package std.standard
Compiling package std.textio
Compiling package ieee.std_logic_1164
Compiling package ieee.numeric_std
Compiling architecture behavioral of entity xil_defaultlib.ReceiverTop [receivertop_default]
Compiling architecture behavioral of entity xil_defaultlib.receivertb
Built simulation snapshot ReceiverTB_behav
INFO: [USF-XSim-69] 'elaborate' step finished in '2' seconds
Time resolution is 1 ps
relaunch_sim: Time (s): cpu = 00:00:00 ; elapsed = 00:00:06 . Memory (MB): peak = 2727.602 ; gain = 0.000
run 30 ms
relaunch_sim
Command: launch_simulation -step compile -simset sim_1 -mode behavioral
INFO: [Vivado 12-12493] Simulation top is 'ReceiverTB'
WARNING: [Vivado 12-13340] Unable to auto find GCC executables from simulator install path! (path not set)
INFO: [Vivado 12-5682] Launching behavioral simulation in 'H:/Users/Pravindu/Xilinx/UART_Module/Receiver/Receiver.sim/sim_1/behav/xsim'
INFO: [SIM-utils-51] Simulation object is 'sim_1'
INFO: [USF-XSim-2] XSim::Compile design
INFO: [USF-XSim-61] Executing 'COMPILE and ANALYZE' step in 'H:/Users/Pravindu/Xilinx/UART_Module/Receiver/Receiver.sim/sim_1/behav/xsim'
"xvhdl --incr --relax -prj ReceiverTB_vhdl.prj"
INFO: [VRFC 10-163] Analyzing VHDL file "H:/Users/Pravindu/Xilinx/UART_Module/Receiver/Receiver.srcs/sim_1/new/ReceiverTB.vhd" into library xil_defaultlib
INFO: [VRFC 10-3107] analyzing entity 'ReceiverTB'
INFO: [USF-XSim-69] 'compile' step finished in '2' seconds
Command: launch_simulation -step elaborate -simset sim_1 -mode behavioral
INFO: [Vivado 12-12493] Simulation top is 'ReceiverTB'
WARNING: [Vivado 12-13340] Unable to auto find GCC executables from simulator install path! (path not set)
INFO: [Vivado 12-5682] Launching behavioral simulation in 'H:/Users/Pravindu/Xilinx/UART_Module/Receiver/Receiver.sim/sim_1/behav/xsim'
INFO: [SIM-utils-51] Simulation object is 'sim_1'
INFO: [USF-XSim-3] XSim::Elaborate design
INFO: [USF-XSim-61] Executing 'ELABORATE' step in 'H:/Users/Pravindu/Xilinx/UART_Module/Receiver/Receiver.sim/sim_1/behav/xsim'
"xelab --incr --debug typical --relax --mt 2 -L xil_defaultlib -L secureip --snapshot ReceiverTB_behav xil_defaultlib.ReceiverTB -log elaborate.log"
Vivado Simulator v2024.2.0
Copyright 1986-2022 Xilinx, Inc. All Rights Reserved.
Copyright 2022-2024 Advanced Micro Devices, Inc. All Rights Reserved.
Running: H:/Xilinx/Vivado/2024.2/bin/unwrapped/win64.o/xelab.exe --incr --debug typical --relax --mt 2 -L xil_defaultlib -L secureip --snapshot ReceiverTB_behav xil_defaultlib.ReceiverTB -log elaborate.log 
Using 2 slave threads.
Starting static elaboration
Completed static elaboration
Starting simulation data flow analysis
Completed simulation data flow analysis
Time Resolution for simulation is 1ps
Compiling package std.standard
Compiling package std.textio
Compiling package ieee.std_logic_1164
Compiling package ieee.numeric_std
Compiling architecture behavioral of entity xil_defaultlib.ReceiverTop [receivertop_default]
Compiling architecture behavioral of entity xil_defaultlib.receivertb
Built simulation snapshot ReceiverTB_behav
INFO: [USF-XSim-69] 'elaborate' step finished in '1' seconds
Time resolution is 1 ps
relaunch_sim
Command: launch_simulation -step compile -simset sim_1 -mode behavioral
INFO: [Vivado 12-12493] Simulation top is 'ReceiverTB'
WARNING: [Vivado 12-13340] Unable to auto find GCC executables from simulator install path! (path not set)
INFO: [Vivado 12-5682] Launching behavioral simulation in 'H:/Users/Pravindu/Xilinx/UART_Module/Receiver/Receiver.sim/sim_1/behav/xsim'
INFO: [SIM-utils-51] Simulation object is 'sim_1'
INFO: [USF-XSim-2] XSim::Compile design
INFO: [USF-XSim-61] Executing 'COMPILE and ANALYZE' step in 'H:/Users/Pravindu/Xilinx/UART_Module/Receiver/Receiver.sim/sim_1/behav/xsim'
"xvhdl --incr --relax -prj ReceiverTB_vhdl.prj"
INFO: [VRFC 10-163] Analyzing VHDL file "H:/Users/Pravindu/Xilinx/UART_Module/Receiver/Receiver.srcs/sim_1/new/ReceiverTB.vhd" into library xil_defaultlib
INFO: [VRFC 10-3107] analyzing entity 'ReceiverTB'
INFO: [USF-XSim-69] 'compile' step finished in '1' seconds
Command: launch_simulation -step elaborate -simset sim_1 -mode behavioral
INFO: [Vivado 12-12493] Simulation top is 'ReceiverTB'
WARNING: [Vivado 12-13340] Unable to auto find GCC executables from simulator install path! (path not set)
INFO: [Vivado 12-5682] Launching behavioral simulation in 'H:/Users/Pravindu/Xilinx/UART_Module/Receiver/Receiver.sim/sim_1/behav/xsim'
INFO: [SIM-utils-51] Simulation object is 'sim_1'
INFO: [USF-XSim-3] XSim::Elaborate design
INFO: [USF-XSim-61] Executing 'ELABORATE' step in 'H:/Users/Pravindu/Xilinx/UART_Module/Receiver/Receiver.sim/sim_1/behav/xsim'
"xelab --incr --debug typical --relax --mt 2 -L xil_defaultlib -L secureip --snapshot ReceiverTB_behav xil_defaultlib.ReceiverTB -log elaborate.log"
Vivado Simulator v2024.2.0
Copyright 1986-2022 Xilinx, Inc. All Rights Reserved.
Copyright 2022-2024 Advanced Micro Devices, Inc. All Rights Reserved.
Running: H:/Xilinx/Vivado/2024.2/bin/unwrapped/win64.o/xelab.exe --incr --debug typical --relax --mt 2 -L xil_defaultlib -L secureip --snapshot ReceiverTB_behav xil_defaultlib.ReceiverTB -log elaborate.log 
Using 2 slave threads.
Starting static elaboration
Completed static elaboration
Starting simulation data flow analysis
Completed simulation data flow analysis
Time Resolution for simulation is 1ps
Compiling package std.standard
Compiling package std.textio
Compiling package ieee.std_logic_1164
Compiling package ieee.numeric_std
Compiling architecture behavioral of entity xil_defaultlib.ReceiverTop [receivertop_default]
Compiling architecture behavioral of entity xil_defaultlib.receivertb
Built simulation snapshot ReceiverTB_behav
INFO: [USF-XSim-69] 'elaborate' step finished in '1' seconds
Time resolution is 1 ps
run 30 ms
relaunch_sim
Command: launch_simulation -step compile -simset sim_1 -mode behavioral
INFO: [Vivado 12-12493] Simulation top is 'ReceiverTB'
WARNING: [Vivado 12-13340] Unable to auto find GCC executables from simulator install path! (path not set)
INFO: [Vivado 12-5682] Launching behavioral simulation in 'H:/Users/Pravindu/Xilinx/UART_Module/Receiver/Receiver.sim/sim_1/behav/xsim'
INFO: [SIM-utils-51] Simulation object is 'sim_1'
INFO: [USF-XSim-2] XSim::Compile design
INFO: [USF-XSim-61] Executing 'COMPILE and ANALYZE' step in 'H:/Users/Pravindu/Xilinx/UART_Module/Receiver/Receiver.sim/sim_1/behav/xsim'
"xvhdl --incr --relax -prj ReceiverTB_vhdl.prj"
INFO: [VRFC 10-163] Analyzing VHDL file "H:/Users/Pravindu/Xilinx/UART_Module/Receiver/Receiver.srcs/sim_1/new/ReceiverTB.vhd" into library xil_defaultlib
INFO: [VRFC 10-3107] analyzing entity 'ReceiverTB'
INFO: [USF-XSim-69] 'compile' step finished in '2' seconds
Command: launch_simulation -step elaborate -simset sim_1 -mode behavioral
INFO: [Vivado 12-12493] Simulation top is 'ReceiverTB'
WARNING: [Vivado 12-13340] Unable to auto find GCC executables from simulator install path! (path not set)
INFO: [Vivado 12-5682] Launching behavioral simulation in 'H:/Users/Pravindu/Xilinx/UART_Module/Receiver/Receiver.sim/sim_1/behav/xsim'
INFO: [SIM-utils-51] Simulation object is 'sim_1'
INFO: [USF-XSim-3] XSim::Elaborate design
INFO: [USF-XSim-61] Executing 'ELABORATE' step in 'H:/Users/Pravindu/Xilinx/UART_Module/Receiver/Receiver.sim/sim_1/behav/xsim'
"xelab --incr --debug typical --relax --mt 2 -L xil_defaultlib -L secureip --snapshot ReceiverTB_behav xil_defaultlib.ReceiverTB -log elaborate.log"
Vivado Simulator v2024.2.0
Copyright 1986-2022 Xilinx, Inc. All Rights Reserved.
Copyright 2022-2024 Advanced Micro Devices, Inc. All Rights Reserved.
Running: H:/Xilinx/Vivado/2024.2/bin/unwrapped/win64.o/xelab.exe --incr --debug typical --relax --mt 2 -L xil_defaultlib -L secureip --snapshot ReceiverTB_behav xil_defaultlib.ReceiverTB -log elaborate.log 
Using 2 slave threads.
Starting static elaboration
Completed static elaboration
Starting simulation data flow analysis
Completed simulation data flow analysis
Time Resolution for simulation is 1ps
Compiling package std.standard
Compiling package std.textio
Compiling package ieee.std_logic_1164
Compiling package ieee.numeric_std
Compiling architecture behavioral of entity xil_defaultlib.ReceiverTop [receivertop_default]
Compiling architecture behavioral of entity xil_defaultlib.receivertb
Built simulation snapshot ReceiverTB_behav
INFO: [USF-XSim-69] 'elaborate' step finished in '1' seconds
Time resolution is 1 ps
relaunch_sim: Time (s): cpu = 00:00:00 ; elapsed = 00:00:06 . Memory (MB): peak = 2727.602 ; gain = 0.000
run 6 ms
relaunch_sim
Command: launch_simulation -step compile -simset sim_1 -mode behavioral
INFO: [Vivado 12-12493] Simulation top is 'ReceiverTB'
WARNING: [Vivado 12-13340] Unable to auto find GCC executables from simulator install path! (path not set)
INFO: [Vivado 12-5682] Launching behavioral simulation in 'H:/Users/Pravindu/Xilinx/UART_Module/Receiver/Receiver.sim/sim_1/behav/xsim'
INFO: [SIM-utils-51] Simulation object is 'sim_1'
INFO: [USF-XSim-2] XSim::Compile design
INFO: [USF-XSim-61] Executing 'COMPILE and ANALYZE' step in 'H:/Users/Pravindu/Xilinx/UART_Module/Receiver/Receiver.sim/sim_1/behav/xsim'
"xvhdl --incr --relax -prj ReceiverTB_vhdl.prj"
INFO: [VRFC 10-163] Analyzing VHDL file "H:/Users/Pravindu/Xilinx/UART_Module/Receiver/Receiver.srcs/sim_1/new/ReceiverTB.vhd" into library xil_defaultlib
INFO: [VRFC 10-3107] analyzing entity 'ReceiverTB'
INFO: [USF-XSim-69] 'compile' step finished in '2' seconds
Command: launch_simulation -step elaborate -simset sim_1 -mode behavioral
INFO: [Vivado 12-12493] Simulation top is 'ReceiverTB'
WARNING: [Vivado 12-13340] Unable to auto find GCC executables from simulator install path! (path not set)
INFO: [Vivado 12-5682] Launching behavioral simulation in 'H:/Users/Pravindu/Xilinx/UART_Module/Receiver/Receiver.sim/sim_1/behav/xsim'
INFO: [SIM-utils-51] Simulation object is 'sim_1'
INFO: [USF-XSim-3] XSim::Elaborate design
INFO: [USF-XSim-61] Executing 'ELABORATE' step in 'H:/Users/Pravindu/Xilinx/UART_Module/Receiver/Receiver.sim/sim_1/behav/xsim'
"xelab --incr --debug typical --relax --mt 2 -L xil_defaultlib -L secureip --snapshot ReceiverTB_behav xil_defaultlib.ReceiverTB -log elaborate.log"
Vivado Simulator v2024.2.0
Copyright 1986-2022 Xilinx, Inc. All Rights Reserved.
Copyright 2022-2024 Advanced Micro Devices, Inc. All Rights Reserved.
Running: H:/Xilinx/Vivado/2024.2/bin/unwrapped/win64.o/xelab.exe --incr --debug typical --relax --mt 2 -L xil_defaultlib -L secureip --snapshot ReceiverTB_behav xil_defaultlib.ReceiverTB -log elaborate.log 
Using 2 slave threads.
Starting static elaboration
Completed static elaboration
Starting simulation data flow analysis
Completed simulation data flow analysis
Time Resolution for simulation is 1ps
Compiling package std.standard
Compiling package std.textio
Compiling package ieee.std_logic_1164
Compiling package ieee.numeric_std
Compiling architecture behavioral of entity xil_defaultlib.ReceiverTop [receivertop_default]
Compiling architecture behavioral of entity xil_defaultlib.receivertb
Built simulation snapshot ReceiverTB_behav
INFO: [USF-XSim-69] 'elaborate' step finished in '1' seconds
Time resolution is 1 ps
relaunch_sim: Time (s): cpu = 00:00:00 ; elapsed = 00:00:05 . Memory (MB): peak = 2731.738 ; gain = 0.000
run 6 ms
relaunch_sim
Command: launch_simulation -step compile -simset sim_1 -mode behavioral
INFO: [Vivado 12-12493] Simulation top is 'ReceiverTB'
WARNING: [Vivado 12-13340] Unable to auto find GCC executables from simulator install path! (path not set)
INFO: [Vivado 12-5682] Launching behavioral simulation in 'H:/Users/Pravindu/Xilinx/UART_Module/Receiver/Receiver.sim/sim_1/behav/xsim'
INFO: [SIM-utils-51] Simulation object is 'sim_1'
INFO: [USF-XSim-2] XSim::Compile design
INFO: [USF-XSim-61] Executing 'COMPILE and ANALYZE' step in 'H:/Users/Pravindu/Xilinx/UART_Module/Receiver/Receiver.sim/sim_1/behav/xsim'
"xvhdl --incr --relax -prj ReceiverTB_vhdl.prj"
INFO: [VRFC 10-163] Analyzing VHDL file "H:/Users/Pravindu/Xilinx/UART_Module/Receiver/Receiver.srcs/sim_1/new/ReceiverTB.vhd" into library xil_defaultlib
INFO: [VRFC 10-3107] analyzing entity 'ReceiverTB'
INFO: [USF-XSim-69] 'compile' step finished in '2' seconds
Command: launch_simulation -step elaborate -simset sim_1 -mode behavioral
INFO: [Vivado 12-12493] Simulation top is 'ReceiverTB'
WARNING: [Vivado 12-13340] Unable to auto find GCC executables from simulator install path! (path not set)
INFO: [Vivado 12-5682] Launching behavioral simulation in 'H:/Users/Pravindu/Xilinx/UART_Module/Receiver/Receiver.sim/sim_1/behav/xsim'
INFO: [SIM-utils-51] Simulation object is 'sim_1'
INFO: [USF-XSim-3] XSim::Elaborate design
INFO: [USF-XSim-61] Executing 'ELABORATE' step in 'H:/Users/Pravindu/Xilinx/UART_Module/Receiver/Receiver.sim/sim_1/behav/xsim'
"xelab --incr --debug typical --relax --mt 2 -L xil_defaultlib -L secureip --snapshot ReceiverTB_behav xil_defaultlib.ReceiverTB -log elaborate.log"
Vivado Simulator v2024.2.0
Copyright 1986-2022 Xilinx, Inc. All Rights Reserved.
Copyright 2022-2024 Advanced Micro Devices, Inc. All Rights Reserved.
Running: H:/Xilinx/Vivado/2024.2/bin/unwrapped/win64.o/xelab.exe --incr --debug typical --relax --mt 2 -L xil_defaultlib -L secureip --snapshot ReceiverTB_behav xil_defaultlib.ReceiverTB -log elaborate.log 
Using 2 slave threads.
Starting static elaboration
Completed static elaboration
Starting simulation data flow analysis
Completed simulation data flow analysis
Time Resolution for simulation is 1ps
Compiling package std.standard
Compiling package std.textio
Compiling package ieee.std_logic_1164
Compiling package ieee.numeric_std
Compiling architecture behavioral of entity xil_defaultlib.ReceiverTop [receivertop_default]
Compiling architecture behavioral of entity xil_defaultlib.receivertb
Built simulation snapshot ReceiverTB_behav
INFO: [USF-XSim-69] 'elaborate' step finished in '1' seconds
Time resolution is 1 ps
relaunch_sim: Time (s): cpu = 00:00:01 ; elapsed = 00:00:05 . Memory (MB): peak = 2733.844 ; gain = 0.000
run 6 ms
relaunch_sim
Command: launch_simulation -step compile -simset sim_1 -mode behavioral
INFO: [Vivado 12-12493] Simulation top is 'ReceiverTB'
WARNING: [Vivado 12-13340] Unable to auto find GCC executables from simulator install path! (path not set)
INFO: [Vivado 12-5682] Launching behavioral simulation in 'H:/Users/Pravindu/Xilinx/UART_Module/Receiver/Receiver.sim/sim_1/behav/xsim'
INFO: [SIM-utils-51] Simulation object is 'sim_1'
INFO: [USF-XSim-2] XSim::Compile design
INFO: [USF-XSim-61] Executing 'COMPILE and ANALYZE' step in 'H:/Users/Pravindu/Xilinx/UART_Module/Receiver/Receiver.sim/sim_1/behav/xsim'
"xvhdl --incr --relax -prj ReceiverTB_vhdl.prj"
INFO: [VRFC 10-163] Analyzing VHDL file "H:/Users/Pravindu/Xilinx/UART_Module/Receiver/Receiver.srcs/sources_1/new/ReceiverTop.vhd" into library xil_defaultlib
INFO: [VRFC 10-3107] analyzing entity 'ReceiverTop'
INFO: [USF-XSim-69] 'compile' step finished in '1' seconds
Command: launch_simulation -step elaborate -simset sim_1 -mode behavioral
INFO: [Vivado 12-12493] Simulation top is 'ReceiverTB'
WARNING: [Vivado 12-13340] Unable to auto find GCC executables from simulator install path! (path not set)
INFO: [Vivado 12-5682] Launching behavioral simulation in 'H:/Users/Pravindu/Xilinx/UART_Module/Receiver/Receiver.sim/sim_1/behav/xsim'
INFO: [SIM-utils-51] Simulation object is 'sim_1'
INFO: [USF-XSim-3] XSim::Elaborate design
INFO: [USF-XSim-61] Executing 'ELABORATE' step in 'H:/Users/Pravindu/Xilinx/UART_Module/Receiver/Receiver.sim/sim_1/behav/xsim'
"xelab --incr --debug typical --relax --mt 2 -L xil_defaultlib -L secureip --snapshot ReceiverTB_behav xil_defaultlib.ReceiverTB -log elaborate.log"
Vivado Simulator v2024.2.0
Copyright 1986-2022 Xilinx, Inc. All Rights Reserved.
Copyright 2022-2024 Advanced Micro Devices, Inc. All Rights Reserved.
Running: H:/Xilinx/Vivado/2024.2/bin/unwrapped/win64.o/xelab.exe --incr --debug typical --relax --mt 2 -L xil_defaultlib -L secureip --snapshot ReceiverTB_behav xil_defaultlib.ReceiverTB -log elaborate.log 
Using 2 slave threads.
Starting static elaboration
Completed static elaboration
Starting simulation data flow analysis
Completed simulation data flow analysis
Time Resolution for simulation is 1ps
Compiling package std.standard
Compiling package std.textio
Compiling package ieee.std_logic_1164
Compiling package ieee.numeric_std
Compiling architecture behavioral of entity xil_defaultlib.ReceiverTop [receivertop_default]
Compiling architecture behavioral of entity xil_defaultlib.receivertb
Built simulation snapshot ReceiverTB_behav
INFO: [USF-XSim-69] 'elaborate' step finished in '2' seconds
Time resolution is 1 ps
relaunch_sim: Time (s): cpu = 00:00:00 ; elapsed = 00:00:07 . Memory (MB): peak = 2742.684 ; gain = 0.000
run 6 ms
relaunch_sim
Command: launch_simulation -step compile -simset sim_1 -mode behavioral
INFO: [Vivado 12-12493] Simulation top is 'ReceiverTB'
WARNING: [Vivado 12-13340] Unable to auto find GCC executables from simulator install path! (path not set)
INFO: [Vivado 12-5682] Launching behavioral simulation in 'H:/Users/Pravindu/Xilinx/UART_Module/Receiver/Receiver.sim/sim_1/behav/xsim'
INFO: [SIM-utils-51] Simulation object is 'sim_1'
INFO: [USF-XSim-2] XSim::Compile design
INFO: [USF-XSim-61] Executing 'COMPILE and ANALYZE' step in 'H:/Users/Pravindu/Xilinx/UART_Module/Receiver/Receiver.sim/sim_1/behav/xsim'
"xvhdl --incr --relax -prj ReceiverTB_vhdl.prj"
INFO: [VRFC 10-163] Analyzing VHDL file "H:/Users/Pravindu/Xilinx/UART_Module/Receiver/Receiver.srcs/sources_1/new/ReceiverTop.vhd" into library xil_defaultlib
INFO: [VRFC 10-3107] analyzing entity 'ReceiverTop'
INFO: [USF-XSim-69] 'compile' step finished in '2' seconds
Command: launch_simulation -step elaborate -simset sim_1 -mode behavioral
INFO: [Vivado 12-12493] Simulation top is 'ReceiverTB'
WARNING: [Vivado 12-13340] Unable to auto find GCC executables from simulator install path! (path not set)
INFO: [Vivado 12-5682] Launching behavioral simulation in 'H:/Users/Pravindu/Xilinx/UART_Module/Receiver/Receiver.sim/sim_1/behav/xsim'
INFO: [SIM-utils-51] Simulation object is 'sim_1'
INFO: [USF-XSim-3] XSim::Elaborate design
INFO: [USF-XSim-61] Executing 'ELABORATE' step in 'H:/Users/Pravindu/Xilinx/UART_Module/Receiver/Receiver.sim/sim_1/behav/xsim'
"xelab --incr --debug typical --relax --mt 2 -L xil_defaultlib -L secureip --snapshot ReceiverTB_behav xil_defaultlib.ReceiverTB -log elaborate.log"
Vivado Simulator v2024.2.0
Copyright 1986-2022 Xilinx, Inc. All Rights Reserved.
Copyright 2022-2024 Advanced Micro Devices, Inc. All Rights Reserved.
Running: H:/Xilinx/Vivado/2024.2/bin/unwrapped/win64.o/xelab.exe --incr --debug typical --relax --mt 2 -L xil_defaultlib -L secureip --snapshot ReceiverTB_behav xil_defaultlib.ReceiverTB -log elaborate.log 
Using 2 slave threads.
Starting static elaboration
Completed static elaboration
Starting simulation data flow analysis
Completed simulation data flow analysis
Time Resolution for simulation is 1ps
Compiling package std.standard
Compiling package std.textio
Compiling package ieee.std_logic_1164
Compiling package ieee.numeric_std
Compiling architecture behavioral of entity xil_defaultlib.ReceiverTop [receivertop_default]
Compiling architecture behavioral of entity xil_defaultlib.receivertb
Built simulation snapshot ReceiverTB_behav
INFO: [USF-XSim-69] 'elaborate' step finished in '1' seconds
Time resolution is 1 ps
relaunch_sim: Time (s): cpu = 00:00:01 ; elapsed = 00:00:07 . Memory (MB): peak = 2742.684 ; gain = 0.000
run 6 ms
relaunch_sim
Command: launch_simulation -step compile -simset sim_1 -mode behavioral
INFO: [Vivado 12-12493] Simulation top is 'ReceiverTB'
WARNING: [Vivado 12-13340] Unable to auto find GCC executables from simulator install path! (path not set)
INFO: [Vivado 12-5682] Launching behavioral simulation in 'H:/Users/Pravindu/Xilinx/UART_Module/Receiver/Receiver.sim/sim_1/behav/xsim'
INFO: [SIM-utils-51] Simulation object is 'sim_1'
INFO: [USF-XSim-2] XSim::Compile design
INFO: [USF-XSim-61] Executing 'COMPILE and ANALYZE' step in 'H:/Users/Pravindu/Xilinx/UART_Module/Receiver/Receiver.sim/sim_1/behav/xsim'
"xvhdl --incr --relax -prj ReceiverTB_vhdl.prj"
INFO: [VRFC 10-163] Analyzing VHDL file "H:/Users/Pravindu/Xilinx/UART_Module/Receiver/Receiver.srcs/sources_1/new/ReceiverTop.vhd" into library xil_defaultlib
INFO: [VRFC 10-3107] analyzing entity 'ReceiverTop'
INFO: [USF-XSim-69] 'compile' step finished in '1' seconds
Command: launch_simulation -step elaborate -simset sim_1 -mode behavioral
INFO: [Vivado 12-12493] Simulation top is 'ReceiverTB'
WARNING: [Vivado 12-13340] Unable to auto find GCC executables from simulator install path! (path not set)
INFO: [Vivado 12-5682] Launching behavioral simulation in 'H:/Users/Pravindu/Xilinx/UART_Module/Receiver/Receiver.sim/sim_1/behav/xsim'
INFO: [SIM-utils-51] Simulation object is 'sim_1'
INFO: [USF-XSim-3] XSim::Elaborate design
INFO: [USF-XSim-61] Executing 'ELABORATE' step in 'H:/Users/Pravindu/Xilinx/UART_Module/Receiver/Receiver.sim/sim_1/behav/xsim'
"xelab --incr --debug typical --relax --mt 2 -L xil_defaultlib -L secureip --snapshot ReceiverTB_behav xil_defaultlib.ReceiverTB -log elaborate.log"
Vivado Simulator v2024.2.0
Copyright 1986-2022 Xilinx, Inc. All Rights Reserved.
Copyright 2022-2024 Advanced Micro Devices, Inc. All Rights Reserved.
Running: H:/Xilinx/Vivado/2024.2/bin/unwrapped/win64.o/xelab.exe --incr --debug typical --relax --mt 2 -L xil_defaultlib -L secureip --snapshot ReceiverTB_behav xil_defaultlib.ReceiverTB -log elaborate.log 
Using 2 slave threads.
Starting static elaboration
Completed static elaboration
Starting simulation data flow analysis
Completed simulation data flow analysis
Time Resolution for simulation is 1ps
Compiling package std.standard
Compiling package std.textio
Compiling package ieee.std_logic_1164
Compiling package ieee.numeric_std
Compiling architecture behavioral of entity xil_defaultlib.ReceiverTop [receivertop_default]
Compiling architecture behavioral of entity xil_defaultlib.receivertb
Built simulation snapshot ReceiverTB_behav
INFO: [USF-XSim-69] 'elaborate' step finished in '2' seconds
Time resolution is 1 ps
relaunch_sim: Time (s): cpu = 00:00:01 ; elapsed = 00:00:07 . Memory (MB): peak = 2742.684 ; gain = 0.000
run 6 ms
close_sim
INFO: [Simtcl 6-16] Simulation closed
exit
INFO: [Common 17-206] Exiting Vivado at Wed Jan 22 19:48:01 2025...
